d:\msi 2020-2021\code\c++\rumble lol extension\x64\release\vc142.pdb
d:\msi 2020-2021\code\c++\rumble lol extension\x64\release\windowcapture.obj
d:\msi 2020-2021\code\c++\rumble lol extension\x64\release\rumblevision.obj
d:\msi 2020-2021\code\c++\rumble lol extension\x64\release\python_linker.obj
d:\msi 2020-2021\code\c++\rumble lol extension\x64\release\rumblemotion.obj
d:\msi 2020-2021\code\c++\rumble lol extension\x64\release\stringhelper.obj
d:\msi 2020-2021\code\c++\rumble lol extension\x64\release\autocompile.obj
d:\msi 2020-2021\code\c++\rumble lol extension\x64\release\rumbleleague.obj
d:\msi 2020-2021\code\c++\rumble lol extension\x64\release\leagueclientscreen.obj
d:\msi 2020-2021\code\c++\rumble lol extension\x64\release\leagueclientbutton.obj
d:\msi 2020-2021\code\c++\rumble_league_extension_plugin\x64\release\vc142.pdb
d:\msi 2020-2021\code\c++\rumble_league_extension_plugin\x64\release\windowcapture.obj
d:\msi 2020-2021\code\c++\rumble_league_extension_plugin\x64\release\rumblevision.obj
d:\msi 2020-2021\code\c++\rumble_league_extension_plugin\x64\release\rumblemotion.obj
d:\msi 2020-2021\code\c++\rumble_league_extension_plugin\x64\release\stringhelper.obj
d:\msi 2020-2021\code\c++\rumble_league_extension_plugin\x64\release\autocompile.obj
d:\msi 2020-2021\code\c++\rumble_league_extension_plugin\x64\release\rumbleleague.obj
d:\msi 2020-2021\code\c++\rumble_league_extension_plugin\x64\release\leagueclientscreen.obj
d:\msi 2020-2021\code\c++\rumble_league_extension_plugin\x64\release\leagueclientbutton.obj
d:\msi 2020-2021\code\c++\rumble_league_extension_plugin\x64\release\python_linker.obj
d:\msi 2020-2021\code\c++\rumble lol extension\x64\release\rle.pyd
d:\msi 2020-2021\code\c++\rumble lol extension\x64\release\rle.pdb
d:\msi 2020-2021\code\c++\rumble lol extension\x64\release\rle.lib
d:\msi 2020-2021\code\c++\rumble lol extension\x64\release\rle.exp
d:\msi 2020-2021\code\c++\rumble lol extension\x64\release\rle.ipdb
d:\msi 2020-2021\code\c++\rumble lol extension\x64\release\rle.iobj
d:\msi 2020-2021\code\c++\rumble lol extension\x64\release\opencv_core.dll
d:\msi 2020-2021\code\c++\rumble lol extension\x64\release\zlib1.dll
d:\msi 2020-2021\code\c++\rumble lol extension\x64\release\opencv_highgui.dll
d:\msi 2020-2021\code\c++\rumble lol extension\x64\release\opencv_videoio.dll
d:\msi 2020-2021\code\c++\rumble lol extension\x64\release\opencv_imgcodecs.dll
d:\msi 2020-2021\code\c++\rumble lol extension\x64\release\opencv_imgproc.dll
d:\msi 2020-2021\code\c++\rumble lol extension\x64\release\jpeg62.dll
d:\msi 2020-2021\code\c++\rumble lol extension\x64\release\webp.dll
d:\msi 2020-2021\code\c++\rumble lol extension\x64\release\libpng16.dll
d:\msi 2020-2021\code\c++\rumble lol extension\x64\release\tiff.dll
d:\msi 2020-2021\code\c++\rumble lol extension\x64\release\lzma.dll
d:\msi 2020-2021\code\c++\rumble_league_extension_plugin\x64\release\rle.ipdb
d:\msi 2020-2021\code\c++\rumble_league_extension_plugin\x64\release\rle.iobj
d:\msi 2020-2021\code\c++\rumble_league_extension_plugin\x64\release\rle.exp
d:\msi 2020-2021\code\c++\rumble_league_extension_plugin\x64\release\rle.pdb
d:\msi 2020-2021\code\c++\rumble_league_extension_plugin\x64\release\rle.pyd
d:\msi 2020-2021\code\c++\rumble_league_extension_plugin\x64\release\rumble l.5638f70f.tlog\cl.command.1.tlog
d:\msi 2020-2021\code\c++\rumble_league_extension_plugin\x64\release\rumble l.5638f70f.tlog\cl.read.1.tlog
d:\msi 2020-2021\code\c++\rumble_league_extension_plugin\x64\release\rumble l.5638f70f.tlog\cl.write.1.tlog
d:\msi 2020-2021\code\c++\rumble_league_extension_plugin\x64\release\rumble l.5638f70f.tlog\link.command.1.tlog
d:\msi 2020-2021\code\c++\rumble_league_extension_plugin\x64\release\rumble l.5638f70f.tlog\link.read.1.tlog
d:\msi 2020-2021\code\c++\rumble_league_extension_plugin\x64\release\rumble l.5638f70f.tlog\link.write.1.tlog
d:\msi 2020-2021\code\c++\rumble_league_extension_plugin\x64\release\rumble l.5638f70f.tlog\rumble lol extension.write.1u.tlog
